<?xml version="1.0" encoding="UTF-8"?>
<!-- Generated by org.testng.reporters.JUnitReportReporter -->
<testsuite hostname="mohit-Inspiron-3542" failures="0" tests="1" name="Academy.AppTest" time="0.050" errors="0" timestamp="20 May 2021 13:01:51 GMT">
  <testcase classname="Academy.AppTest" name="shouldAnswerWithTrue" time="0.050"/>
</testsuite> <!-- Academy.AppTest -->
