<?xml version="1.0" encoding="UTF-8"?>
<!-- Generated by org.testng.reporters.JUnitReportReporter -->
<testsuite hostname="mohit-Inspiron-3542" failures="0" tests="1" name="Academy.validateNavigationBar" time="0.125" errors="0" timestamp="30 May 2021 09:12:33 GMT">
  <testcase classname="Academy.validateNavigationBar" name="validateAppNavBar" time="0.125"/>
</testsuite> <!-- Academy.validateNavigationBar -->
