<?xml version="1.0" encoding="UTF-8"?>
<!-- Generated by org.testng.reporters.JUnitReportReporter -->
<testsuite hostname="mohit-Inspiron-3542" failures="0" tests="2" name="Academy.HomePage" time="7.660" errors="0" timestamp="30 May 2021 09:12:33 GMT">
  <testcase classname="Academy.HomePage" name="basePageNavigation" time="2.849"/>
  <testcase classname="Academy.HomePage" name="basePageNavigation" time="4.811"/>
</testsuite> <!-- Academy.HomePage -->
