<?xml version="1.0" encoding="UTF-8"?>
<!-- Generated by org.testng.reporters.JUnitReportReporter -->
<testsuite hostname="mohit-Inspiron-3542" failures="0" tests="2" name="Academy.validateTitle" time="0.141" errors="0" timestamp="30 May 2021 09:12:33 GMT">
  <testcase classname="Academy.validateTitle" name="validateAppTitle" time="0.072"/>
  <testcase classname="Academy.validateTitle" name="validateAppHeader" time="0.069"/>
</testsuite> <!-- Academy.validateTitle -->
